2025/10/07 00:54:59 [S2 | term=71 | state=Candidate | logLen=55 | commit=27 | lastApplied=27 | lastLogIndex=54] starts election (lastLogIndex=54, lastLogTerm=67)
2025/10/07 00:54:59 [S2 | term=71 | state=Leader | logLen=55 | commit=27 | lastApplied=27 | lastLogIndex=54] becomes LEADER
2025/10/07 00:54:59 [S2 | term=71 | state=Leader | logLen=55 | commit=27 | lastApplied=27 | lastLogIndex=54] Send AppendEntries to S3
2025/10/07 00:54:59 [S2 | term=71 | state=Leader | logLen=55 | commit=27 | lastApplied=27 | lastLogIndex=54] Send AppendEntries to S0
2025/10/07 00:54:59 [S2 | term=71 | state=Leader | logLen=55 | commit=27 | lastApplied=27 | lastLogIndex=54] Send AppendEntries to S4
2025/10/07 00:54:59 [S2 | term=71 | state=Leader | logLen=55 | commit=27 | lastApplied=27 | lastLogIndex=54] Send AppendEntries to S1
2025/10/07 00:54:59 [S1 | term=71 | state=Follower | logLen=112 | commit=0 | lastApplied=0 | lastLogIndex=111] received AppendEntries from S2 (term=71, prevLogIndex=29, prevLogTerm=1, entries=25)
2025/10/07 00:54:59 [S1 | term=71 | state=Follower | logLen=55 | commit=0 | lastApplied=0 | lastLogIndex=54] appends log entries: [{Index:31 Term:24 Command:794909033390901851} {Index:32 Term:24 Command:2031854324976940296} {Index:33 Term:24 Command:3118012599306063291} {Index:34 Term:26 Command:4975957184953335334} {Index:35 Term:26 Command:8146674451874192144} {Index:36 Term:26 Command:5715747522111116920} {Index:37 Term:33 Command:5065447503785555236} {Index:38 Term:33 Command:7687795134043170372} {Index:39 Term:33 Command:3003497612943356726} {Index:40 Term:42 Command:1151395751311986254} {Index:41 Term:42 Command:3540085896273583716} {Index:42 Term:42 Command:6038429413740878386} {Index:43 Term:44 Command:658401736550067808} {Index:44 Term:44 Command:6637948804492740275} {Index:45 Term:44 Command:4169764014080622726} {Index:46 Term:49 Command:9026918202359300789} {Index:47 Term:49 Command:7634230167740741636} {Index:48 Term:49 Command:376039202593697871} {Index:49 Term:61 Command:2979171782262215523} {Index:50 Term:61 Command:127168168189612017} {Index:51 Term:61 Command:9182798345880970150} {Index:52 Term:67 Command:2674892939673581639} {Index:53 Term:67 Command:8171639752350740523} {Index:54 Term:67 Command:299706122226931644}]
2025/10/07 00:54:59 [S1 | term=71 | state=Follower | logLen=55 | commit=27 | lastApplied=0 | lastLogIndex=54] updates commitIndex=27 (before=0)
2025/10/07 00:54:59 [S1 | term=71 | state=Follower | logLen=55 | commit=27 | lastApplied=27 | lastLogIndex=54] applies log up to index=27
2025/10/07 00:54:59 [S2 | term=71 | state=Leader | logLen=55 | commit=27 | lastApplied=27 | lastLogIndex=54] Send AppendEntries to S1
2025/10/07 00:54:59 [S2 | term=71 | state=Leader | logLen=55 | commit=27 | lastApplied=27 | lastLogIndex=54] Send AppendEntries to S4
2025/10/07 00:54:59 [S2 | term=71 | state=Leader | logLen=55 | commit=27 | lastApplied=27 | lastLogIndex=54] Send AppendEntries to S1
2025/10/07 00:54:59 [S2 | term=71 | state=Leader | logLen=55 | commit=27 | lastApplied=27 | lastLogIndex=54] Send AppendEntries to S1
2025/10/07 00:54:59 [S2 | term=71 | state=Leader | logLen=55 | commit=27 | lastApplied=27 | lastLogIndex=54] Send AppendEntries to S4
2025/10/07 00:54:59 [S2 | term=71 | state=Leader | logLen=55 | commit=27 | lastApplied=27 | lastLogIndex=54] Send AppendEntries to S4
2025/10/07 00:54:59 [S2 | term=71 | state=Leader | logLen=55 | commit=27 | lastApplied=27 | lastLogIndex=54] Send AppendEntries to S1
2025/10/07 00:54:59 [S0 | term=72 | state=Candidate | logLen=1 | commit=0 | lastApplied=0 | lastLogIndex=0] starts election (lastLogIndex=0, lastLogTerm=0)
2025/10/07 00:54:59 [S1 | term=73 | state=Candidate | logLen=55 | commit=27 | lastApplied=27 | lastLogIndex=54] starts election (lastLogIndex=54, lastLogTerm=67)
2025/10/07 00:54:59 [S4 | term=73 | state=Candidate | logLen=55 | commit=27 | lastApplied=27 | lastLogIndex=54] starts election (lastLogIndex=54, lastLogTerm=67)
2025/10/07 00:54:59 [S1 | term=73 | state=Leader | logLen=55 | commit=27 | lastApplied=27 | lastLogIndex=54] becomes LEADER
2025/10/07 00:54:59 [S1 | term=73 | state=Leader | logLen=55 | commit=27 | lastApplied=27 | lastLogIndex=54] Send AppendEntries to S0
2025/10/07 00:54:59 [S1 | term=73 | state=Leader | logLen=55 | commit=27 | lastApplied=27 | lastLogIndex=54] Send AppendEntries to S3
2025/10/07 00:54:59 [S1 | term=73 | state=Leader | logLen=55 | commit=27 | lastApplied=27 | lastLogIndex=54] Send AppendEntries to S4
2025/10/07 00:54:59 [S1 | term=73 | state=Leader | logLen=55 | commit=27 | lastApplied=27 | lastLogIndex=54] Send AppendEntries to S2
2025/10/07 00:54:59 [S1 | term=73 | state=Leader | logLen=55 | commit=27 | lastApplied=27 | lastLogIndex=54] Send AppendEntries to S2
2025/10/07 00:54:59 [S1 | term=73 | state=Leader | logLen=55 | commit=27 | lastApplied=27 | lastLogIndex=54] Send AppendEntries to S4
2025/10/07 00:54:59 [S1 | term=73 | state=Leader | logLen=55 | commit=27 | lastApplied=27 | lastLogIndex=54] Send AppendEntries to S4
2025/10/07 00:54:59 [S1 | term=73 | state=Leader | logLen=55 | commit=27 | lastApplied=27 | lastLogIndex=54] Send AppendEntries to S2
2025/10/07 00:54:59 [S1 | term=73 | state=Leader | logLen=55 | commit=27 | lastApplied=27 | lastLogIndex=54] Send AppendEntries to S2
2025/10/07 00:54:59 [S1 | term=73 | state=Leader | logLen=55 | commit=27 | lastApplied=27 | lastLogIndex=54] Send AppendEntries to S4
2025/10/07 00:54:59 [S0 | term=74 | state=Candidate | logLen=1 | commit=0 | lastApplied=0 | lastLogIndex=0] starts election (lastLogIndex=0, lastLogTerm=0)
2025/10/07 00:54:59 [S1 | term=75 | state=Candidate | logLen=55 | commit=27 | lastApplied=27 | lastLogIndex=54] starts election (lastLogIndex=54, lastLogTerm=67)
2025/10/07 00:54:59 [S1 | term=75 | state=Leader | logLen=55 | commit=27 | lastApplied=27 | lastLogIndex=54] becomes LEADER
2025/10/07 00:54:59 [S1 | term=75 | state=Leader | logLen=55 | commit=27 | lastApplied=27 | lastLogIndex=54] Send AppendEntries to S2
2025/10/07 00:54:59 [S1 | term=75 | state=Leader | logLen=55 | commit=27 | lastApplied=27 | lastLogIndex=54] Send AppendEntries to S3
2025/10/07 00:54:59 [S1 | term=75 | state=Leader | logLen=55 | commit=27 | lastApplied=27 | lastLogIndex=54] Send AppendEntries to S0
2025/10/07 00:54:59 [S1 | term=75 | state=Leader | logLen=55 | commit=27 | lastApplied=27 | lastLogIndex=54] Send AppendEntries to S4
2025/10/07 00:55:00 [S1 | term=75 | state=Leader | logLen=55 | commit=27 | lastApplied=27 | lastLogIndex=54] Send AppendEntries to S4
2025/10/07 00:55:00 [S1 | term=75 | state=Leader | logLen=55 | commit=27 | lastApplied=27 | lastLogIndex=54] Send AppendEntries to S2
2025/10/07 00:55:00 [S1 | term=75 | state=Leader | logLen=55 | commit=27 | lastApplied=27 | lastLogIndex=54] Send AppendEntries to S4
2025/10/07 00:55:00 [S1 | term=75 | state=Leader | logLen=55 | commit=27 | lastApplied=27 | lastLogIndex=54] Send AppendEntries to S2
2025/10/07 00:55:00 [S1 | term=75 | state=Leader | logLen=55 | commit=27 | lastApplied=27 | lastLogIndex=54] Send AppendEntries to S4
2025/10/07 00:55:00 [S1 | term=75 | state=Leader | logLen=55 | commit=27 | lastApplied=27 | lastLogIndex=54] Send AppendEntries to S2
2025/10/07 00:55:00 [S0 | term=76 | state=Candidate | logLen=1 | commit=0 | lastApplied=0 | lastLogIndex=0] starts election (lastLogIndex=0, lastLogTerm=0)
2025/10/07 00:55:00 [S4 | term=77 | state=Candidate | logLen=55 | commit=27 | lastApplied=27 | lastLogIndex=54] starts election (lastLogIndex=54, lastLogTerm=67)
2025/10/07 00:55:00 [S4 | term=77 | state=Leader | logLen=55 | commit=27 | lastApplied=27 | lastLogIndex=54] becomes LEADER
2025/10/07 00:55:00 [S4 | term=77 | state=Leader | logLen=55 | commit=27 | lastApplied=27 | lastLogIndex=54] Send AppendEntries to S3
2025/10/07 00:55:00 [S4 | term=77 | state=Leader | logLen=55 | commit=27 | lastApplied=27 | lastLogIndex=54] Send AppendEntries to S0
2025/10/07 00:55:00 [S4 | term=77 | state=Leader | logLen=55 | commit=27 | lastApplied=27 | lastLogIndex=54] Send AppendEntries to S1
2025/10/07 00:55:00 [S4 | term=77 | state=Leader | logLen=55 | commit=27 | lastApplied=27 | lastLogIndex=54] Send AppendEntries to S2
2025/10/07 00:55:00 [S1 | term=77 | state=Follower | logLen=55 | commit=27 | lastApplied=27 | lastLogIndex=54] received AppendEntries from S4 (term=77, prevLogIndex=54, prevLogTerm=67, entries=1)
2025/10/07 00:55:00 [S2 | term=77 | state=Follower | logLen=55 | commit=27 | lastApplied=27 | lastLogIndex=54] received AppendEntries from S4 (term=77, prevLogIndex=54, prevLogTerm=67, entries=1)
2025/10/07 00:55:00 [S1 | term=77 | state=Follower | logLen=56 | commit=27 | lastApplied=27 | lastLogIndex=55] appends log entries: [{Index:55 Term:77 Command:5960979780645125570}]
2025/10/07 00:55:00 [S2 | term=77 | state=Follower | logLen=56 | commit=27 | lastApplied=27 | lastLogIndex=55] appends log entries: [{Index:55 Term:77 Command:5960979780645125570}]
2025/10/07 00:55:00 [S4 | term=77 | state=Leader | logLen=56 | commit=27 | lastApplied=27 | lastLogIndex=55] Send AppendEntries to S1
2025/10/07 00:55:00 [S4 | term=77 | state=Leader | logLen=56 | commit=27 | lastApplied=27 | lastLogIndex=55] Send AppendEntries to S2
2025/10/07 00:55:00 [S4 | term=77 | state=Leader | logLen=56 | commit=55 | lastApplied=27 | lastLogIndex=55] updates commitIndex=55 (before=27)
2025/10/07 00:55:00 [S4 | term=77 | state=Leader | logLen=56 | commit=55 | lastApplied=55 | lastLogIndex=55] applies log up to index=55
2025/10/07 00:55:00 [S2 | term=77 | state=Follower | logLen=56 | commit=55 | lastApplied=27 | lastLogIndex=55] updates commitIndex=55 (before=27)
2025/10/07 00:55:00 [S1 | term=77 | state=Follower | logLen=56 | commit=55 | lastApplied=27 | lastLogIndex=55] updates commitIndex=55 (before=27)
2025/10/07 00:55:00 [S2 | term=77 | state=Follower | logLen=56 | commit=55 | lastApplied=55 | lastLogIndex=55] applies log up to index=55
2025/10/07 00:55:00 [S1 | term=77 | state=Follower | logLen=56 | commit=55 | lastApplied=55 | lastLogIndex=55] applies log up to index=55
2025/10/07 00:55:00 [S4 | term=77 | state=Leader | logLen=56 | commit=55 | lastApplied=55 | lastLogIndex=55] Send AppendEntries to S2
2025/10/07 00:55:00 [S4 | term=77 | state=Leader | logLen=56 | commit=55 | lastApplied=55 | lastLogIndex=55] Send AppendEntries to S1
2025/10/07 00:55:00 [S4 | term=77 | state=Leader | logLen=56 | commit=55 | lastApplied=55 | lastLogIndex=55] Send AppendEntries to S2
2025/10/07 00:55:00 [S4 | term=77 | state=Leader | logLen=56 | commit=55 | lastApplied=55 | lastLogIndex=55] Send AppendEntries to S1
2025/10/07 00:55:00 [S4 | term=77 | state=Leader | logLen=56 | commit=55 | lastApplied=55 | lastLogIndex=55] Send AppendEntries to S2
2025/10/07 00:55:00 [S4 | term=77 | state=Leader | logLen=56 | commit=55 | lastApplied=55 | lastLogIndex=55] Send AppendEntries to S1
2025/10/07 00:55:00 [S0 | term=78 | state=Candidate | logLen=1 | commit=0 | lastApplied=0 | lastLogIndex=0] starts election (lastLogIndex=0, lastLogTerm=0)
2025/10/07 00:55:00 [S1 | term=79 | state=Candidate | logLen=56 | commit=55 | lastApplied=55 | lastLogIndex=55] starts election (lastLogIndex=55, lastLogTerm=77)
2025/10/07 00:55:00 [S1 | term=79 | state=Leader | logLen=56 | commit=55 | lastApplied=55 | lastLogIndex=55] becomes LEADER
2025/10/07 00:55:00 [S1 | term=79 | state=Leader | logLen=56 | commit=55 | lastApplied=55 | lastLogIndex=55] Send AppendEntries to S0
2025/10/07 00:55:00 [S1 | term=79 | state=Leader | logLen=56 | commit=55 | lastApplied=55 | lastLogIndex=55] Send AppendEntries to S2
2025/10/07 00:55:00 [S1 | term=79 | state=Leader | logLen=56 | commit=55 | lastApplied=55 | lastLogIndex=55] Send AppendEntries to S4
2025/10/07 00:55:00 [S1 | term=79 | state=Leader | logLen=56 | commit=55 | lastApplied=55 | lastLogIndex=55] Send AppendEntries to S3
2025/10/07 00:55:00 [S1 | term=79 | state=Leader | logLen=56 | commit=55 | lastApplied=55 | lastLogIndex=55] Send AppendEntries to S4
2025/10/07 00:55:00 [S1 | term=79 | state=Leader | logLen=56 | commit=55 | lastApplied=55 | lastLogIndex=55] Send AppendEntries to S2
2025/10/07 00:55:00 [S1 | term=79 | state=Leader | logLen=56 | commit=55 | lastApplied=55 | lastLogIndex=55] Send AppendEntries to S4
2025/10/07 00:55:00 [S1 | term=79 | state=Leader | logLen=56 | commit=55 | lastApplied=55 | lastLogIndex=55] Send AppendEntries to S2
2025/10/07 00:55:00 [S1 | term=79 | state=Leader | logLen=56 | commit=55 | lastApplied=55 | lastLogIndex=55] Send AppendEntries to S4
2025/10/07 00:55:00 [S1 | term=79 | state=Leader | logLen=56 | commit=55 | lastApplied=55 | lastLogIndex=55] Send AppendEntries to S2
2025/10/07 00:55:00 [S3 | term=80 | state=Candidate | logLen=1 | commit=0 | lastApplied=0 | lastLogIndex=0] starts election (lastLogIndex=0, lastLogTerm=0)
2025/10/07 00:55:01 [S0 | term=81 | state=Candidate | logLen=1 | commit=0 | lastApplied=0 | lastLogIndex=0] starts election (lastLogIndex=0, lastLogTerm=0)
2025/10/07 00:55:01 [S1 | term=82 | state=Candidate | logLen=56 | commit=55 | lastApplied=55 | lastLogIndex=55] starts election (lastLogIndex=55, lastLogTerm=77)
2025/10/07 00:55:01 [S1 | term=82 | state=Leader | logLen=56 | commit=55 | lastApplied=55 | lastLogIndex=55] becomes LEADER
2025/10/07 00:55:01 [S1 | term=82 | state=Leader | logLen=56 | commit=55 | lastApplied=55 | lastLogIndex=55] Send AppendEntries to S3
2025/10/07 00:55:01 [S1 | term=82 | state=Leader | logLen=56 | commit=55 | lastApplied=55 | lastLogIndex=55] Send AppendEntries to S2
2025/10/07 00:55:01 [S1 | term=82 | state=Leader | logLen=56 | commit=55 | lastApplied=55 | lastLogIndex=55] Send AppendEntries to S4
2025/10/07 00:55:01 [S1 | term=82 | state=Leader | logLen=56 | commit=55 | lastApplied=55 | lastLogIndex=55] Send AppendEntries to S0
2025/10/07 00:55:01 [S1 | term=82 | state=Leader | logLen=56 | commit=55 | lastApplied=55 | lastLogIndex=55] Send AppendEntries to S4
2025/10/07 00:55:01 [S1 | term=82 | state=Leader | logLen=56 | commit=55 | lastApplied=55 | lastLogIndex=55] Send AppendEntries to S2
2025/10/07 00:55:01 [S1 | term=82 | state=Leader | logLen=56 | commit=55 | lastApplied=55 | lastLogIndex=55] Send AppendEntries to S2
2025/10/07 00:55:01 [S1 | term=82 | state=Leader | logLen=56 | commit=55 | lastApplied=55 | lastLogIndex=55] Send AppendEntries to S4
2025/10/07 00:55:01 [S1 | term=82 | state=Leader | logLen=56 | commit=55 | lastApplied=55 | lastLogIndex=55] Send AppendEntries to S2
2025/10/07 00:55:01 [S1 | term=82 | state=Leader | logLen=56 | commit=55 | lastApplied=55 | lastLogIndex=55] Send AppendEntries to S4
2025/10/07 00:55:01 [S0 | term=83 | state=Candidate | logLen=1 | commit=0 | lastApplied=0 | lastLogIndex=0] starts election (lastLogIndex=0, lastLogTerm=0)
2025/10/07 00:55:01 [S4 | term=84 | state=Candidate | logLen=56 | commit=55 | lastApplied=55 | lastLogIndex=55] starts election (lastLogIndex=55, lastLogTerm=77)
2025/10/07 00:55:01 [S4 | term=84 | state=Leader | logLen=56 | commit=55 | lastApplied=55 | lastLogIndex=55] becomes LEADER
2025/10/07 00:55:01 [S4 | term=84 | state=Leader | logLen=56 | commit=55 | lastApplied=55 | lastLogIndex=55] Send AppendEntries to S1
2025/10/07 00:55:01 [S4 | term=84 | state=Leader | logLen=56 | commit=55 | lastApplied=55 | lastLogIndex=55] Send AppendEntries to S2
2025/10/07 00:55:01 [S4 | term=84 | state=Leader | logLen=56 | commit=55 | lastApplied=55 | lastLogIndex=55] Send AppendEntries to S3
2025/10/07 00:55:01 [S4 | term=84 | state=Leader | logLen=56 | commit=55 | lastApplied=55 | lastLogIndex=55] Send AppendEntries to S0
2025/10/07 00:55:01 [S4 | term=84 | state=Leader | logLen=56 | commit=55 | lastApplied=55 | lastLogIndex=55] Send AppendEntries to S1
2025/10/07 00:55:01 [S4 | term=84 | state=Leader | logLen=56 | commit=55 | lastApplied=55 | lastLogIndex=55] Send AppendEntries to S2
2025/10/07 00:55:01 [S4 | term=84 | state=Leader | logLen=56 | commit=55 | lastApplied=55 | lastLogIndex=55] Send AppendEntries to S1
2025/10/07 00:55:01 [S4 | term=84 | state=Leader | logLen=56 | commit=55 | lastApplied=55 | lastLogIndex=55] Send AppendEntries to S2
2025/10/07 00:55:01 [S4 | term=84 | state=Leader | logLen=56 | commit=55 | lastApplied=55 | lastLogIndex=55] Send AppendEntries to S2
2025/10/07 00:55:01 [S4 | term=84 | state=Leader | logLen=56 | commit=55 | lastApplied=55 | lastLogIndex=55] Send AppendEntries to S1
2025/10/07 00:55:01 [S0 | term=85 | state=Candidate | logLen=1 | commit=0 | lastApplied=0 | lastLogIndex=0] starts election (lastLogIndex=0, lastLogTerm=0)
2025/10/07 00:55:01 [S3 | term=86 | state=Candidate | logLen=1 | commit=0 | lastApplied=0 | lastLogIndex=0] starts election (lastLogIndex=0, lastLogTerm=0)
2025/10/07 00:55:02 [S1 | term=87 | state=Candidate | logLen=56 | commit=55 | lastApplied=55 | lastLogIndex=55] starts election (lastLogIndex=55, lastLogTerm=77)
2025/10/07 00:55:02 [S1 | term=87 | state=Leader | logLen=56 | commit=55 | lastApplied=55 | lastLogIndex=55] becomes LEADER
2025/10/07 00:55:02 [S1 | term=87 | state=Leader | logLen=56 | commit=55 | lastApplied=55 | lastLogIndex=55] Send AppendEntries to S3
2025/10/07 00:55:02 [S1 | term=87 | state=Leader | logLen=56 | commit=55 | lastApplied=55 | lastLogIndex=55] Send AppendEntries to S0
2025/10/07 00:55:02 [S1 | term=87 | state=Leader | logLen=56 | commit=55 | lastApplied=55 | lastLogIndex=55] Send AppendEntries to S4
2025/10/07 00:55:02 [S1 | term=87 | state=Leader | logLen=56 | commit=55 | lastApplied=55 | lastLogIndex=55] Send AppendEntries to S2
2025/10/07 00:55:02 [S1 | term=87 | state=Leader | logLen=56 | commit=55 | lastApplied=55 | lastLogIndex=55] Send AppendEntries to S4
2025/10/07 00:55:02 [S1 | term=87 | state=Leader | logLen=56 | commit=55 | lastApplied=55 | lastLogIndex=55] Send AppendEntries to S2
2025/10/07 00:55:02 [S1 | term=87 | state=Leader | logLen=56 | commit=55 | lastApplied=55 | lastLogIndex=55] Send AppendEntries to S2
2025/10/07 00:55:02 [S1 | term=87 | state=Leader | logLen=56 | commit=55 | lastApplied=55 | lastLogIndex=55] Send AppendEntries to S4
2025/10/07 00:55:02 [S1 | term=87 | state=Leader | logLen=56 | commit=55 | lastApplied=55 | lastLogIndex=55] Send AppendEntries to S2
2025/10/07 00:55:02 [S1 | term=87 | state=Leader | logLen=56 | commit=55 | lastApplied=55 | lastLogIndex=55] Send AppendEntries to S4
2025/10/07 00:55:02 [S1 | term=87 | state=Leader | logLen=56 | commit=55 | lastApplied=55 | lastLogIndex=55] Send AppendEntries to S4
2025/10/07 00:55:02 [S1 | term=87 | state=Leader | logLen=56 | commit=55 | lastApplied=55 | lastLogIndex=55] Send AppendEntries to S2
2025/10/07 00:55:02 [S1 | term=87 | state=Leader | logLen=56 | commit=55 | lastApplied=55 | lastLogIndex=55] Send AppendEntries to S4
2025/10/07 00:55:02 [S1 | term=87 | state=Leader | logLen=56 | commit=55 | lastApplied=55 | lastLogIndex=55] Send AppendEntries to S2
2025/10/07 00:55:02 [S0 | term=88 | state=Candidate | logLen=1 | commit=0 | lastApplied=0 | lastLogIndex=0] starts election (lastLogIndex=0, lastLogTerm=0)
2025/10/07 00:55:02 [S2 | term=89 | state=Candidate | logLen=56 | commit=55 | lastApplied=55 | lastLogIndex=55] starts election (lastLogIndex=55, lastLogTerm=77)
2025/10/07 00:55:02 [S2 | term=89 | state=Leader | logLen=56 | commit=55 | lastApplied=55 | lastLogIndex=55] becomes LEADER
2025/10/07 00:55:02 [S2 | term=89 | state=Leader | logLen=56 | commit=55 | lastApplied=55 | lastLogIndex=55] Send AppendEntries to S3
2025/10/07 00:55:02 [S2 | term=89 | state=Leader | logLen=56 | commit=55 | lastApplied=55 | lastLogIndex=55] Send AppendEntries to S0
2025/10/07 00:55:02 [S2 | term=89 | state=Leader | logLen=56 | commit=55 | lastApplied=55 | lastLogIndex=55] Send AppendEntries to S1
2025/10/07 00:55:02 [S2 | term=89 | state=Leader | logLen=56 | commit=55 | lastApplied=55 | lastLogIndex=55] Send AppendEntries to S4
2025/10/07 00:55:02 [S1 | term=89 | state=Follower | logLen=56 | commit=55 | lastApplied=55 | lastLogIndex=55] received AppendEntries from S2 (term=89, prevLogIndex=55, prevLogTerm=77, entries=1)
2025/10/07 00:55:02 [S4 | term=89 | state=Follower | logLen=56 | commit=55 | lastApplied=55 | lastLogIndex=55] received AppendEntries from S2 (term=89, prevLogIndex=55, prevLogTerm=77, entries=1)
2025/10/07 00:55:02 [S1 | term=89 | state=Follower | logLen=57 | commit=55 | lastApplied=55 | lastLogIndex=56] appends log entries: [{Index:56 Term:89 Command:5960979780645125570}]
2025/10/07 00:55:02 [S4 | term=89 | state=Follower | logLen=57 | commit=55 | lastApplied=55 | lastLogIndex=56] appends log entries: [{Index:56 Term:89 Command:5960979780645125570}]
2025/10/07 00:55:02 [S2 | term=89 | state=Leader | logLen=57 | commit=55 | lastApplied=55 | lastLogIndex=56] Send AppendEntries to S1
2025/10/07 00:55:02 [S2 | term=89 | state=Leader | logLen=57 | commit=55 | lastApplied=55 | lastLogIndex=56] Send AppendEntries to S4
2025/10/07 00:55:02 [S2 | term=89 | state=Leader | logLen=57 | commit=56 | lastApplied=55 | lastLogIndex=56] updates commitIndex=56 (before=55)
2025/10/07 00:55:02 [S2 | term=89 | state=Leader | logLen=57 | commit=56 | lastApplied=56 | lastLogIndex=56] applies log up to index=56
2025/10/07 00:55:02 [S4 | term=89 | state=Follower | logLen=57 | commit=56 | lastApplied=55 | lastLogIndex=56] updates commitIndex=56 (before=55)
2025/10/07 00:55:02 [S4 | term=89 | state=Follower | logLen=57 | commit=56 | lastApplied=56 | lastLogIndex=56] applies log up to index=56
2025/10/07 00:55:02 [S1 | term=89 | state=Follower | logLen=57 | commit=56 | lastApplied=55 | lastLogIndex=56] updates commitIndex=56 (before=55)
2025/10/07 00:55:02 [S1 | term=89 | state=Follower | logLen=57 | commit=56 | lastApplied=56 | lastLogIndex=56] applies log up to index=56
2025/10/07 00:55:02 [S2 | term=89 | state=Leader | logLen=57 | commit=56 | lastApplied=56 | lastLogIndex=56] Send AppendEntries to S4
2025/10/07 00:55:02 [S2 | term=89 | state=Leader | logLen=57 | commit=56 | lastApplied=56 | lastLogIndex=56] Send AppendEntries to S1
2025/10/07 00:55:02 [S2 | term=89 | state=Leader | logLen=57 | commit=56 | lastApplied=56 | lastLogIndex=56] Send AppendEntries to S1
2025/10/07 00:55:02 [S2 | term=89 | state=Leader | logLen=57 | commit=56 | lastApplied=56 | lastLogIndex=56] Send AppendEntries to S4
2025/10/07 00:55:02 [S2 | term=89 | state=Leader | logLen=57 | commit=56 | lastApplied=56 | lastLogIndex=56] Send AppendEntries to S1
2025/10/07 00:55:02 [S2 | term=89 | state=Leader | logLen=57 | commit=56 | lastApplied=56 | lastLogIndex=56] Send AppendEntries to S4
2025/10/07 00:55:02 [S3 | term=90 | state=Candidate | logLen=1 | commit=0 | lastApplied=0 | lastLogIndex=0] starts election (lastLogIndex=0, lastLogTerm=0)
2025/10/07 00:55:02 [S4 | term=91 | state=Candidate | logLen=57 | commit=56 | lastApplied=56 | lastLogIndex=56] starts election (lastLogIndex=56, lastLogTerm=89)
2025/10/07 00:55:02 [S4 | term=91 | state=Leader | logLen=57 | commit=56 | lastApplied=56 | lastLogIndex=56] becomes LEADER
2025/10/07 00:55:02 [S4 | term=91 | state=Leader | logLen=57 | commit=56 | lastApplied=56 | lastLogIndex=56] Send AppendEntries to S3
2025/10/07 00:55:02 [S4 | term=91 | state=Leader | logLen=57 | commit=56 | lastApplied=56 | lastLogIndex=56] Send AppendEntries to S1
2025/10/07 00:55:02 [S4 | term=91 | state=Leader | logLen=57 | commit=56 | lastApplied=56 | lastLogIndex=56] Send AppendEntries to S2
2025/10/07 00:55:02 [S4 | term=91 | state=Leader | logLen=57 | commit=56 | lastApplied=56 | lastLogIndex=56] Send AppendEntries to S0
2025/10/07 00:55:02 [S4 | term=91 | state=Leader | logLen=57 | commit=56 | lastApplied=56 | lastLogIndex=56] Send AppendEntries to S1
2025/10/07 00:55:02 [S4 | term=91 | state=Leader | logLen=57 | commit=56 | lastApplied=56 | lastLogIndex=56] Send AppendEntries to S2
2025/10/07 00:55:03 [S4 | term=91 | state=Leader | logLen=57 | commit=56 | lastApplied=56 | lastLogIndex=56] Send AppendEntries to S1
2025/10/07 00:55:03 [S4 | term=91 | state=Leader | logLen=57 | commit=56 | lastApplied=56 | lastLogIndex=56] Send AppendEntries to S2
2025/10/07 00:55:03 [S4 | term=91 | state=Leader | logLen=57 | commit=56 | lastApplied=56 | lastLogIndex=56] Send AppendEntries to S1
2025/10/07 00:55:03 [S4 | term=91 | state=Leader | logLen=57 | commit=56 | lastApplied=56 | lastLogIndex=56] Send AppendEntries to S2
2025/10/07 00:55:03 [S3 | term=92 | state=Candidate | logLen=1 | commit=0 | lastApplied=0 | lastLogIndex=0] starts election (lastLogIndex=0, lastLogTerm=0)
2025/10/07 00:55:03 [S2 | term=93 | state=Candidate | logLen=57 | commit=56 | lastApplied=56 | lastLogIndex=56] starts election (lastLogIndex=56, lastLogTerm=89)
2025/10/07 00:55:03 [S2 | term=93 | state=Leader | logLen=57 | commit=56 | lastApplied=56 | lastLogIndex=56] becomes LEADER
2025/10/07 00:55:03 [S2 | term=93 | state=Leader | logLen=57 | commit=56 | lastApplied=56 | lastLogIndex=56] Send AppendEntries to S0
2025/10/07 00:55:03 [S2 | term=93 | state=Leader | logLen=57 | commit=56 | lastApplied=56 | lastLogIndex=56] Send AppendEntries to S3
2025/10/07 00:55:03 [S2 | term=93 | state=Leader | logLen=57 | commit=56 | lastApplied=56 | lastLogIndex=56] Send AppendEntries to S4
2025/10/07 00:55:03 [S2 | term=93 | state=Leader | logLen=57 | commit=56 | lastApplied=56 | lastLogIndex=56] Send AppendEntries to S1
2025/10/07 00:55:03 [S2 | term=93 | state=Leader | logLen=57 | commit=56 | lastApplied=56 | lastLogIndex=56] Send AppendEntries to S1
2025/10/07 00:55:03 [S2 | term=93 | state=Leader | logLen=57 | commit=56 | lastApplied=56 | lastLogIndex=56] Send AppendEntries to S4
2025/10/07 00:55:03 [S2 | term=93 | state=Leader | logLen=57 | commit=56 | lastApplied=56 | lastLogIndex=56] Send AppendEntries to S1
2025/10/07 00:55:03 [S2 | term=93 | state=Leader | logLen=57 | commit=56 | lastApplied=56 | lastLogIndex=56] Send AppendEntries to S4
2025/10/07 00:55:03 [S2 | term=93 | state=Leader | logLen=57 | commit=56 | lastApplied=56 | lastLogIndex=56] Send AppendEntries to S1
2025/10/07 00:55:03 [S2 | term=93 | state=Leader | logLen=57 | commit=56 | lastApplied=56 | lastLogIndex=56] Send AppendEntries to S4
2025/10/07 00:55:03 [S0 | term=94 | state=Candidate | logLen=1 | commit=0 | lastApplied=0 | lastLogIndex=0] starts election (lastLogIndex=0, lastLogTerm=0)
2025/10/07 00:55:03 [S1 | term=95 | state=Candidate | logLen=57 | commit=56 | lastApplied=56 | lastLogIndex=56] starts election (lastLogIndex=56, lastLogTerm=89)
2025/10/07 00:55:03 [S1 | term=95 | state=Leader | logLen=57 | commit=56 | lastApplied=56 | lastLogIndex=56] becomes LEADER
2025/10/07 00:55:03 [S1 | term=95 | state=Leader | logLen=57 | commit=56 | lastApplied=56 | lastLogIndex=56] Send AppendEntries to S3
2025/10/07 00:55:03 [S1 | term=95 | state=Leader | logLen=57 | commit=56 | lastApplied=56 | lastLogIndex=56] Send AppendEntries to S4
2025/10/07 00:55:03 [S1 | term=95 | state=Leader | logLen=57 | commit=56 | lastApplied=56 | lastLogIndex=56] Send AppendEntries to S2
2025/10/07 00:55:03 [S1 | term=95 | state=Leader | logLen=57 | commit=56 | lastApplied=56 | lastLogIndex=56] Send AppendEntries to S0
2025/10/07 00:55:03 [S1 | term=95 | state=Leader | logLen=57 | commit=56 | lastApplied=56 | lastLogIndex=56] Send AppendEntries to S4
2025/10/07 00:55:03 [S1 | term=95 | state=Leader | logLen=57 | commit=56 | lastApplied=56 | lastLogIndex=56] Send AppendEntries to S2
2025/10/07 00:55:03 [S1 | term=95 | state=Leader | logLen=57 | commit=56 | lastApplied=56 | lastLogIndex=56] Send AppendEntries to S4
2025/10/07 00:55:03 [S1 | term=95 | state=Leader | logLen=57 | commit=56 | lastApplied=56 | lastLogIndex=56] Send AppendEntries to S2
2025/10/07 00:55:03 [S1 | term=95 | state=Leader | logLen=57 | commit=56 | lastApplied=56 | lastLogIndex=56] Send AppendEntries to S2
2025/10/07 00:55:03 [S1 | term=95 | state=Leader | logLen=57 | commit=56 | lastApplied=56 | lastLogIndex=56] Send AppendEntries to S4
2025/10/07 00:55:03 [S1 | term=95 | state=Leader | logLen=57 | commit=56 | lastApplied=56 | lastLogIndex=56] Send AppendEntries to S4
2025/10/07 00:55:03 [S1 | term=95 | state=Leader | logLen=57 | commit=56 | lastApplied=56 | lastLogIndex=56] Send AppendEntries to S2
2025/10/07 00:55:03 [S3 | term=96 | state=Candidate | logLen=1 | commit=0 | lastApplied=0 | lastLogIndex=0] starts election (lastLogIndex=0, lastLogTerm=0)
2025/10/07 00:55:04 [S4 | term=97 | state=Candidate | logLen=57 | commit=56 | lastApplied=56 | lastLogIndex=56] starts election (lastLogIndex=56, lastLogTerm=89)
2025/10/07 00:55:04 [S4 | term=97 | state=Leader | logLen=57 | commit=56 | lastApplied=56 | lastLogIndex=56] becomes LEADER
2025/10/07 00:55:04 [S4 | term=97 | state=Leader | logLen=57 | commit=56 | lastApplied=56 | lastLogIndex=56] Send AppendEntries to S2
2025/10/07 00:55:04 [S4 | term=97 | state=Leader | logLen=57 | commit=56 | lastApplied=56 | lastLogIndex=56] Send AppendEntries to S0
2025/10/07 00:55:04 [S4 | term=97 | state=Leader | logLen=57 | commit=56 | lastApplied=56 | lastLogIndex=56] Send AppendEntries to S3
2025/10/07 00:55:04 [S4 | term=97 | state=Leader | logLen=57 | commit=56 | lastApplied=56 | lastLogIndex=56] Send AppendEntries to S1
2025/10/07 00:55:04 [S4 | term=97 | state=Leader | logLen=57 | commit=56 | lastApplied=56 | lastLogIndex=56] Send AppendEntries to S1
2025/10/07 00:55:04 [S4 | term=97 | state=Leader | logLen=57 | commit=56 | lastApplied=56 | lastLogIndex=56] Send AppendEntries to S2
2025/10/07 00:55:04 [S4 | term=97 | state=Leader | logLen=57 | commit=56 | lastApplied=56 | lastLogIndex=56] Send AppendEntries to S2
2025/10/07 00:55:04 [S4 | term=97 | state=Leader | logLen=57 | commit=56 | lastApplied=56 | lastLogIndex=56] Send AppendEntries to S1
2025/10/07 00:55:04 [S4 | term=97 | state=Leader | logLen=57 | commit=56 | lastApplied=56 | lastLogIndex=56] Send AppendEntries to S2
2025/10/07 00:55:04 [S4 | term=97 | state=Leader | logLen=57 | commit=56 | lastApplied=56 | lastLogIndex=56] Send AppendEntries to S1
2025/10/07 00:55:04 [S4 | term=97 | state=Leader | logLen=57 | commit=56 | lastApplied=56 | lastLogIndex=56] Send AppendEntries to S2
2025/10/07 00:55:04 [S4 | term=97 | state=Leader | logLen=57 | commit=56 | lastApplied=56 | lastLogIndex=56] Send AppendEntries to S1
2025/10/07 00:55:04 [S0 | term=98 | state=Candidate | logLen=1 | commit=0 | lastApplied=0 | lastLogIndex=0] starts election (lastLogIndex=0, lastLogTerm=0)
2025/10/07 00:55:04 [S1 | term=99 | state=Candidate | logLen=57 | commit=56 | lastApplied=56 | lastLogIndex=56] starts election (lastLogIndex=56, lastLogTerm=89)
2025/10/07 00:55:04 [S1 | term=99 | state=Leader | logLen=57 | commit=56 | lastApplied=56 | lastLogIndex=56] becomes LEADER
2025/10/07 00:55:04 [S1 | term=99 | state=Leader | logLen=57 | commit=56 | lastApplied=56 | lastLogIndex=56] Send AppendEntries to S0
2025/10/07 00:55:04 [S1 | term=99 | state=Leader | logLen=57 | commit=56 | lastApplied=56 | lastLogIndex=56] Send AppendEntries to S2
2025/10/07 00:55:04 [S1 | term=99 | state=Leader | logLen=57 | commit=56 | lastApplied=56 | lastLogIndex=56] Send AppendEntries to S4
2025/10/07 00:55:04 [S1 | term=99 | state=Leader | logLen=57 | commit=56 | lastApplied=56 | lastLogIndex=56] Send AppendEntries to S3
2025/10/07 00:55:04 [S1 | term=99 | state=Leader | logLen=57 | commit=56 | lastApplied=56 | lastLogIndex=56] Send AppendEntries to S4
2025/10/07 00:55:04 [S1 | term=99 | state=Leader | logLen=57 | commit=56 | lastApplied=56 | lastLogIndex=56] Send AppendEntries to S2
2025/10/07 00:55:04 [S1 | term=99 | state=Leader | logLen=57 | commit=56 | lastApplied=56 | lastLogIndex=56] Send AppendEntries to S4
2025/10/07 00:55:04 [S1 | term=99 | state=Leader | logLen=57 | commit=56 | lastApplied=56 | lastLogIndex=56] Send AppendEntries to S2
2025/10/07 00:55:04 [S2 | term=99 | state=Follower | logLen=57 | commit=56 | lastApplied=56 | lastLogIndex=56] received AppendEntries from S1 (term=99, prevLogIndex=56, prevLogTerm=89, entries=1)
2025/10/07 00:55:04 [S4 | term=99 | state=Follower | logLen=57 | commit=56 | lastApplied=56 | lastLogIndex=56] received AppendEntries from S1 (term=99, prevLogIndex=56, prevLogTerm=89, entries=1)
2025/10/07 00:55:04 [S2 | term=99 | state=Follower | logLen=58 | commit=56 | lastApplied=56 | lastLogIndex=57] appends log entries: [{Index:57 Term:99 Command:5960979780645125570}]
2025/10/07 00:55:04 [S4 | term=99 | state=Follower | logLen=58 | commit=56 | lastApplied=56 | lastLogIndex=57] appends log entries: [{Index:57 Term:99 Command:5960979780645125570}]
2025/10/07 00:55:04 [S1 | term=99 | state=Leader | logLen=58 | commit=56 | lastApplied=56 | lastLogIndex=57] Send AppendEntries to S4
2025/10/07 00:55:04 [S1 | term=99 | state=Leader | logLen=58 | commit=56 | lastApplied=56 | lastLogIndex=57] Send AppendEntries to S2
2025/10/07 00:55:04 [S1 | term=99 | state=Leader | logLen=58 | commit=57 | lastApplied=56 | lastLogIndex=57] updates commitIndex=57 (before=56)
2025/10/07 00:55:04 [S1 | term=99 | state=Leader | logLen=58 | commit=57 | lastApplied=57 | lastLogIndex=57] applies log up to index=57
2025/10/07 00:55:04 [S4 | term=99 | state=Follower | logLen=58 | commit=57 | lastApplied=56 | lastLogIndex=57] updates commitIndex=57 (before=56)
2025/10/07 00:55:04 [S4 | term=99 | state=Follower | logLen=58 | commit=57 | lastApplied=57 | lastLogIndex=57] applies log up to index=57
2025/10/07 00:55:04 [S2 | term=99 | state=Follower | logLen=58 | commit=57 | lastApplied=56 | lastLogIndex=57] updates commitIndex=57 (before=56)
2025/10/07 00:55:04 [S2 | term=99 | state=Follower | logLen=58 | commit=57 | lastApplied=57 | lastLogIndex=57] applies log up to index=57
2025/10/07 00:55:04 [S1 | term=99 | state=Leader | logLen=58 | commit=57 | lastApplied=57 | lastLogIndex=57] Send AppendEntries to S2
2025/10/07 00:55:04 [S1 | term=99 | state=Leader | logLen=58 | commit=57 | lastApplied=57 | lastLogIndex=57] Send AppendEntries to S4
2025/10/07 00:55:04 [S0 | term=100 | state=Candidate | logLen=1 | commit=0 | lastApplied=0 | lastLogIndex=0] starts election (lastLogIndex=0, lastLogTerm=0)
2025/10/07 00:55:04 [S1 | term=101 | state=Candidate | logLen=58 | commit=57 | lastApplied=57 | lastLogIndex=57] starts election (lastLogIndex=57, lastLogTerm=99)
2025/10/07 00:55:04 [S1 | term=101 | state=Leader | logLen=58 | commit=57 | lastApplied=57 | lastLogIndex=57] becomes LEADER
2025/10/07 00:55:04 [S1 | term=101 | state=Leader | logLen=58 | commit=57 | lastApplied=57 | lastLogIndex=57] Send AppendEntries to S3
2025/10/07 00:55:04 [S1 | term=101 | state=Leader | logLen=58 | commit=57 | lastApplied=57 | lastLogIndex=57] Send AppendEntries to S2
2025/10/07 00:55:04 [S1 | term=101 | state=Leader | logLen=58 | commit=57 | lastApplied=57 | lastLogIndex=57] Send AppendEntries to S4
2025/10/07 00:55:04 [S1 | term=101 | state=Leader | logLen=58 | commit=57 | lastApplied=57 | lastLogIndex=57] Send AppendEntries to S0
2025/10/07 00:55:04 [S1 | term=101 | state=Leader | logLen=58 | commit=57 | lastApplied=57 | lastLogIndex=57] Send AppendEntries to S4
2025/10/07 00:55:04 [S1 | term=101 | state=Leader | logLen=58 | commit=57 | lastApplied=57 | lastLogIndex=57] Send AppendEntries to S2
2025/10/07 00:55:04 [S1 | term=101 | state=Leader | logLen=58 | commit=57 | lastApplied=57 | lastLogIndex=57] Send AppendEntries to S4
2025/10/07 00:55:04 [S1 | term=101 | state=Leader | logLen=58 | commit=57 | lastApplied=57 | lastLogIndex=57] Send AppendEntries to S2
2025/10/07 00:55:04 [S1 | term=101 | state=Leader | logLen=58 | commit=57 | lastApplied=57 | lastLogIndex=57] Send AppendEntries to S2
2025/10/07 00:55:04 [S1 | term=101 | state=Leader | logLen=58 | commit=57 | lastApplied=57 | lastLogIndex=57] Send AppendEntries to S4
2025/10/07 00:55:04 [S3 | term=102 | state=Candidate | logLen=1 | commit=0 | lastApplied=0 | lastLogIndex=0] starts election (lastLogIndex=0, lastLogTerm=0)
2025/10/07 00:55:05 [S3 | term=103 | state=Candidate | logLen=1 | commit=0 | lastApplied=0 | lastLogIndex=0] starts election (lastLogIndex=0, lastLogTerm=0)
2025/10/07 00:55:05 [S2 | term=104 | state=Candidate | logLen=58 | commit=57 | lastApplied=57 | lastLogIndex=57] starts election (lastLogIndex=57, lastLogTerm=99)
2025/10/07 00:55:05 [S2 | term=104 | state=Leader | logLen=58 | commit=57 | lastApplied=57 | lastLogIndex=57] becomes LEADER
2025/10/07 00:55:05 [S2 | term=104 | state=Leader | logLen=58 | commit=57 | lastApplied=57 | lastLogIndex=57] Send AppendEntries to S0
2025/10/07 00:55:05 [S2 | term=104 | state=Leader | logLen=58 | commit=57 | lastApplied=57 | lastLogIndex=57] Send AppendEntries to S1
2025/10/07 00:55:05 [S2 | term=104 | state=Leader | logLen=58 | commit=57 | lastApplied=57 | lastLogIndex=57] Send AppendEntries to S3
2025/10/07 00:55:05 [S2 | term=104 | state=Leader | logLen=58 | commit=57 | lastApplied=57 | lastLogIndex=57] Send AppendEntries to S4
2025/10/07 00:55:05 [S2 | term=104 | state=Leader | logLen=58 | commit=57 | lastApplied=57 | lastLogIndex=57] Send AppendEntries to S1
2025/10/07 00:55:05 [S2 | term=104 | state=Leader | logLen=58 | commit=57 | lastApplied=57 | lastLogIndex=57] Send AppendEntries to S4
2025/10/07 00:55:05 [S2 | term=104 | state=Leader | logLen=58 | commit=57 | lastApplied=57 | lastLogIndex=57] Send AppendEntries to S1
2025/10/07 00:55:05 [S2 | term=104 | state=Leader | logLen=58 | commit=57 | lastApplied=57 | lastLogIndex=57] Send AppendEntries to S4
2025/10/07 00:55:05 [S2 | term=104 | state=Leader | logLen=58 | commit=57 | lastApplied=57 | lastLogIndex=57] Send AppendEntries to S4
2025/10/07 00:55:05 [S2 | term=104 | state=Leader | logLen=58 | commit=57 | lastApplied=57 | lastLogIndex=57] Send AppendEntries to S1
2025/10/07 00:55:05 [S0 | term=105 | state=Candidate | logLen=1 | commit=0 | lastApplied=0 | lastLogIndex=0] starts election (lastLogIndex=0, lastLogTerm=0)
2025/10/07 00:55:05 [S3 | term=106 | state=Candidate | logLen=1 | commit=0 | lastApplied=0 | lastLogIndex=0] starts election (lastLogIndex=0, lastLogTerm=0)
2025/10/07 00:55:05 [S3 | term=107 | state=Candidate | logLen=1 | commit=0 | lastApplied=0 | lastLogIndex=0] starts election (lastLogIndex=0, lastLogTerm=0)
2025/10/07 00:55:05 [S1 | term=108 | state=Candidate | logLen=58 | commit=57 | lastApplied=57 | lastLogIndex=57] starts election (lastLogIndex=57, lastLogTerm=99)
2025/10/07 00:55:05 [S1 | term=108 | state=Leader | logLen=58 | commit=57 | lastApplied=57 | lastLogIndex=57] becomes LEADER
2025/10/07 00:55:05 [S1 | term=108 | state=Leader | logLen=58 | commit=57 | lastApplied=57 | lastLogIndex=57] Send AppendEntries to S3
2025/10/07 00:55:05 [S1 | term=108 | state=Leader | logLen=58 | commit=57 | lastApplied=57 | lastLogIndex=57] Send AppendEntries to S4
2025/10/07 00:55:05 [S1 | term=108 | state=Leader | logLen=58 | commit=57 | lastApplied=57 | lastLogIndex=57] Send AppendEntries to S2
2025/10/07 00:55:05 [S1 | term=108 | state=Leader | logLen=58 | commit=57 | lastApplied=57 | lastLogIndex=57] Send AppendEntries to S0
2025/10/07 00:55:06 [S1 | term=108 | state=Leader | logLen=58 | commit=57 | lastApplied=57 | lastLogIndex=57] Send AppendEntries to S4
2025/10/07 00:55:06 [S1 | term=108 | state=Leader | logLen=58 | commit=57 | lastApplied=57 | lastLogIndex=57] Send AppendEntries to S2
2025/10/07 00:55:06 [S1 | term=108 | state=Leader | logLen=58 | commit=57 | lastApplied=57 | lastLogIndex=57] Send AppendEntries to S2
2025/10/07 00:55:06 [S1 | term=108 | state=Leader | logLen=58 | commit=57 | lastApplied=57 | lastLogIndex=57] Send AppendEntries to S4
2025/10/07 00:55:06 [S1 | term=108 | state=Leader | logLen=58 | commit=57 | lastApplied=57 | lastLogIndex=57] Send AppendEntries to S4
2025/10/07 00:55:06 [S1 | term=108 | state=Leader | logLen=58 | commit=57 | lastApplied=57 | lastLogIndex=57] Send AppendEntries to S2
2025/10/07 00:55:06 [S1 | term=108 | state=Leader | logLen=58 | commit=57 | lastApplied=57 | lastLogIndex=57] Send AppendEntries to S2
2025/10/07 00:55:06 [S1 | term=108 | state=Leader | logLen=58 | commit=57 | lastApplied=57 | lastLogIndex=57] Send AppendEntries to S4
2025/10/07 00:55:06 [S3 | term=109 | state=Candidate | logLen=1 | commit=0 | lastApplied=0 | lastLogIndex=0] starts election (lastLogIndex=0, lastLogTerm=0)
2025/10/07 00:55:06 [S1 | term=110 | state=Candidate | logLen=58 | commit=57 | lastApplied=57 | lastLogIndex=57] starts election (lastLogIndex=57, lastLogTerm=99)
2025/10/07 00:55:06 [S1 | term=110 | state=Leader | logLen=58 | commit=57 | lastApplied=57 | lastLogIndex=57] becomes LEADER
2025/10/07 00:55:06 [S1 | term=110 | state=Leader | logLen=58 | commit=57 | lastApplied=57 | lastLogIndex=57] Send AppendEntries to S4
2025/10/07 00:55:06 [S1 | term=110 | state=Leader | logLen=58 | commit=57 | lastApplied=57 | lastLogIndex=57] Send AppendEntries to S0
2025/10/07 00:55:06 [S1 | term=110 | state=Leader | logLen=58 | commit=57 | lastApplied=57 | lastLogIndex=57] Send AppendEntries to S3
2025/10/07 00:55:06 [S1 | term=110 | state=Leader | logLen=58 | commit=57 | lastApplied=57 | lastLogIndex=57] Send AppendEntries to S2
2025/10/07 00:55:06 [S1 | term=110 | state=Leader | logLen=58 | commit=57 | lastApplied=57 | lastLogIndex=57] Send AppendEntries to S2
2025/10/07 00:55:06 [S1 | term=110 | state=Leader | logLen=58 | commit=57 | lastApplied=57 | lastLogIndex=57] Send AppendEntries to S4
2025/10/07 00:55:06 [S1 | term=110 | state=Leader | logLen=58 | commit=57 | lastApplied=57 | lastLogIndex=57] Send AppendEntries to S2
2025/10/07 00:55:06 [S1 | term=110 | state=Leader | logLen=58 | commit=57 | lastApplied=57 | lastLogIndex=57] Send AppendEntries to S4
2025/10/07 00:55:06 [S1 | term=110 | state=Leader | logLen=58 | commit=57 | lastApplied=57 | lastLogIndex=57] Send AppendEntries to S2
2025/10/07 00:55:06 [S1 | term=110 | state=Leader | logLen=58 | commit=57 | lastApplied=57 | lastLogIndex=57] Send AppendEntries to S4
2025/10/07 00:55:06 [S3 | term=111 | state=Candidate | logLen=1 | commit=0 | lastApplied=0 | lastLogIndex=0] starts election (lastLogIndex=0, lastLogTerm=0)
2025/10/07 00:55:06 [S1 | term=112 | state=Candidate | logLen=58 | commit=57 | lastApplied=57 | lastLogIndex=57] starts election (lastLogIndex=57, lastLogTerm=99)
2025/10/07 00:55:06 [S1 | term=112 | state=Leader | logLen=58 | commit=57 | lastApplied=57 | lastLogIndex=57] becomes LEADER
2025/10/07 00:55:06 [S1 | term=112 | state=Leader | logLen=58 | commit=57 | lastApplied=57 | lastLogIndex=57] Send AppendEntries to S3
2025/10/07 00:55:06 [S1 | term=112 | state=Leader | logLen=58 | commit=57 | lastApplied=57 | lastLogIndex=57] Send AppendEntries to S0
2025/10/07 00:55:06 [S1 | term=112 | state=Leader | logLen=58 | commit=57 | lastApplied=57 | lastLogIndex=57] Send AppendEntries to S4
2025/10/07 00:55:06 [S1 | term=112 | state=Leader | logLen=58 | commit=57 | lastApplied=57 | lastLogIndex=57] Send AppendEntries to S2
2025/10/07 00:55:06 [S4 | term=112 | state=Follower | logLen=58 | commit=57 | lastApplied=57 | lastLogIndex=57] received AppendEntries from S1 (term=112, prevLogIndex=57, prevLogTerm=99, entries=1)
2025/10/07 00:55:06 [S2 | term=112 | state=Follower | logLen=58 | commit=57 | lastApplied=57 | lastLogIndex=57] received AppendEntries from S1 (term=112, prevLogIndex=57, prevLogTerm=99, entries=1)
2025/10/07 00:55:06 [S4 | term=112 | state=Follower | logLen=59 | commit=57 | lastApplied=57 | lastLogIndex=58] appends log entries: [{Index:58 Term:112 Command:5960979780645125570}]
2025/10/07 00:55:06 [S2 | term=112 | state=Follower | logLen=59 | commit=57 | lastApplied=57 | lastLogIndex=58] appends log entries: [{Index:58 Term:112 Command:5960979780645125570}]
2025/10/07 00:55:06 [S1 | term=112 | state=Leader | logLen=59 | commit=57 | lastApplied=57 | lastLogIndex=58] Send AppendEntries to S4
2025/10/07 00:55:06 [S1 | term=112 | state=Leader | logLen=59 | commit=57 | lastApplied=57 | lastLogIndex=58] Send AppendEntries to S2
2025/10/07 00:55:06 [S1 | term=112 | state=Leader | logLen=59 | commit=58 | lastApplied=57 | lastLogIndex=58] updates commitIndex=58 (before=57)
2025/10/07 00:55:06 [S1 | term=112 | state=Leader | logLen=59 | commit=58 | lastApplied=58 | lastLogIndex=58] applies log up to index=58
2025/10/07 00:55:06 [S4 | term=112 | state=Follower | logLen=59 | commit=58 | lastApplied=57 | lastLogIndex=58] updates commitIndex=58 (before=57)
2025/10/07 00:55:06 [S4 | term=112 | state=Follower | logLen=59 | commit=58 | lastApplied=58 | lastLogIndex=58] applies log up to index=58
2025/10/07 00:55:06 [S2 | term=112 | state=Follower | logLen=59 | commit=58 | lastApplied=57 | lastLogIndex=58] updates commitIndex=58 (before=57)
2025/10/07 00:55:06 [S1 | term=112 | state=Leader | logLen=59 | commit=58 | lastApplied=58 | lastLogIndex=58] Send AppendEntries to S4
2025/10/07 00:55:06 [S2 | term=112 | state=Follower | logLen=59 | commit=58 | lastApplied=58 | lastLogIndex=58] applies log up to index=58
2025/10/07 00:55:06 [S1 | term=112 | state=Leader | logLen=59 | commit=58 | lastApplied=58 | lastLogIndex=58] Send AppendEntries to S2
2025/10/07 00:55:06 [S1 | term=112 | state=Leader | logLen=59 | commit=58 | lastApplied=58 | lastLogIndex=58] Send AppendEntries to S2
2025/10/07 00:55:06 [S1 | term=112 | state=Leader | logLen=59 | commit=58 | lastApplied=58 | lastLogIndex=58] Send AppendEntries to S4
2025/10/07 00:55:06 [S1 | term=112 | state=Leader | logLen=59 | commit=58 | lastApplied=58 | lastLogIndex=58] Send AppendEntries to S2
2025/10/07 00:55:06 [S1 | term=112 | state=Leader | logLen=59 | commit=58 | lastApplied=58 | lastLogIndex=58] Send AppendEntries to S4
2025/10/07 00:55:06 [S1 | term=112 | state=Leader | logLen=59 | commit=58 | lastApplied=58 | lastLogIndex=58] Send AppendEntries to S2
2025/10/07 00:55:06 [S1 | term=112 | state=Leader | logLen=59 | commit=58 | lastApplied=58 | lastLogIndex=58] Send AppendEntries to S4
2025/10/07 00:55:07 [S0 | term=113 | state=Candidate | logLen=1 | commit=0 | lastApplied=0 | lastLogIndex=0] starts election (lastLogIndex=0, lastLogTerm=0)
2025/10/07 00:55:07 [S0 | term=114 | state=Candidate | logLen=1 | commit=0 | lastApplied=0 | lastLogIndex=0] starts election (lastLogIndex=0, lastLogTerm=0)
2025/10/07 00:55:07 [S2 | term=115 | state=Candidate | logLen=59 | commit=58 | lastApplied=58 | lastLogIndex=58] starts election (lastLogIndex=58, lastLogTerm=112)
2025/10/07 00:55:07 [S0 | term=115 | state=Candidate | logLen=1 | commit=0 | lastApplied=0 | lastLogIndex=0] starts election (lastLogIndex=0, lastLogTerm=0)
2025/10/07 00:55:07 [S2 | term=115 | state=Leader | logLen=59 | commit=58 | lastApplied=58 | lastLogIndex=58] becomes LEADER
2025/10/07 00:55:07 [S2 | term=115 | state=Leader | logLen=59 | commit=58 | lastApplied=58 | lastLogIndex=58] Send AppendEntries to S1
2025/10/07 00:55:07 [S2 | term=115 | state=Leader | logLen=59 | commit=58 | lastApplied=58 | lastLogIndex=58] Send AppendEntries to S4
2025/10/07 00:55:07 [S2 | term=115 | state=Leader | logLen=59 | commit=58 | lastApplied=58 | lastLogIndex=58] Send AppendEntries to S0
2025/10/07 00:55:07 [S2 | term=115 | state=Leader | logLen=59 | commit=58 | lastApplied=58 | lastLogIndex=58] Send AppendEntries to S3
2025/10/07 00:55:07 [S2 | term=115 | state=Leader | logLen=59 | commit=58 | lastApplied=58 | lastLogIndex=58] Send AppendEntries to S4
2025/10/07 00:55:07 [S2 | term=115 | state=Leader | logLen=59 | commit=58 | lastApplied=58 | lastLogIndex=58] Send AppendEntries to S1
2025/10/07 00:55:07 [S2 | term=115 | state=Leader | logLen=59 | commit=58 | lastApplied=58 | lastLogIndex=58] Send AppendEntries to S1
2025/10/07 00:55:07 [S2 | term=115 | state=Leader | logLen=59 | commit=58 | lastApplied=58 | lastLogIndex=58] Send AppendEntries to S4
2025/10/07 00:55:07 [S2 | term=115 | state=Leader | logLen=59 | commit=58 | lastApplied=58 | lastLogIndex=58] Send AppendEntries to S1
2025/10/07 00:55:07 [S2 | term=115 | state=Leader | logLen=59 | commit=58 | lastApplied=58 | lastLogIndex=58] Send AppendEntries to S4
2025/10/07 00:55:07 [S2 | term=115 | state=Leader | logLen=59 | commit=58 | lastApplied=58 | lastLogIndex=58] Send AppendEntries to S1
2025/10/07 00:55:07 [S2 | term=115 | state=Leader | logLen=59 | commit=58 | lastApplied=58 | lastLogIndex=58] Send AppendEntries to S4
2025/10/07 00:55:07 [S3 | term=116 | state=Candidate | logLen=1 | commit=0 | lastApplied=0 | lastLogIndex=0] starts election (lastLogIndex=0, lastLogTerm=0)
2025/10/07 00:55:07 [S0 | term=117 | state=Candidate | logLen=1 | commit=0 | lastApplied=0 | lastLogIndex=0] starts election (lastLogIndex=0, lastLogTerm=0)
2025/10/07 00:55:10 [S4 | term=118 | state=Candidate | logLen=59 | commit=58 | lastApplied=58 | lastLogIndex=58] starts election (lastLogIndex=58, lastLogTerm=112)
2025/10/07 00:55:10 [S4 | term=118 | state=Leader | logLen=59 | commit=58 | lastApplied=58 | lastLogIndex=58] becomes LEADER
2025/10/07 00:55:10 [S4 | term=118 | state=Leader | logLen=59 | commit=58 | lastApplied=58 | lastLogIndex=58] Send AppendEntries to S1
2025/10/07 00:55:10 [S4 | term=118 | state=Leader | logLen=59 | commit=58 | lastApplied=58 | lastLogIndex=58] Send AppendEntries to S0
2025/10/07 00:55:10 [S4 | term=118 | state=Leader | logLen=59 | commit=58 | lastApplied=58 | lastLogIndex=58] Send AppendEntries to S2
2025/10/07 00:55:10 [S4 | term=118 | state=Leader | logLen=59 | commit=58 | lastApplied=58 | lastLogIndex=58] Send AppendEntries to S3
2025/10/07 00:55:10 [S4 | term=118 | state=Leader | logLen=59 | commit=58 | lastApplied=58 | lastLogIndex=58] Send AppendEntries to S2
2025/10/07 00:55:10 [S4 | term=118 | state=Leader | logLen=59 | commit=58 | lastApplied=58 | lastLogIndex=58] Send AppendEntries to S1
2025/10/07 00:55:10 [S4 | term=118 | state=Leader | logLen=59 | commit=58 | lastApplied=58 | lastLogIndex=58] Send AppendEntries to S2
2025/10/07 00:55:10 [S4 | term=118 | state=Leader | logLen=59 | commit=58 | lastApplied=58 | lastLogIndex=58] Send AppendEntries to S1
2025/10/07 00:55:10 [S4 | term=118 | state=Leader | logLen=59 | commit=58 | lastApplied=58 | lastLogIndex=58] Send AppendEntries to S1
2025/10/07 00:55:10 [S4 | term=118 | state=Leader | logLen=59 | commit=58 | lastApplied=58 | lastLogIndex=58] Send AppendEntries to S2
2025/10/07 00:55:10 [S4 | term=118 | state=Leader | logLen=59 | commit=58 | lastApplied=58 | lastLogIndex=58] Send AppendEntries to S1
2025/10/07 00:55:10 [S4 | term=118 | state=Leader | logLen=59 | commit=58 | lastApplied=58 | lastLogIndex=58] Send AppendEntries to S2
2025/10/07 00:55:10 [S3 | term=119 | state=Candidate | logLen=1 | commit=0 | lastApplied=0 | lastLogIndex=0] starts election (lastLogIndex=0, lastLogTerm=0)
2025/10/07 00:55:10 [S4 | term=120 | state=Candidate | logLen=59 | commit=58 | lastApplied=58 | lastLogIndex=58] starts election (lastLogIndex=58, lastLogTerm=112)
2025/10/07 00:55:10 [S4 | term=120 | state=Leader | logLen=59 | commit=58 | lastApplied=58 | lastLogIndex=58] becomes LEADER
2025/10/07 00:55:10 [S4 | term=120 | state=Leader | logLen=59 | commit=58 | lastApplied=58 | lastLogIndex=58] Send AppendEntries to S3
2025/10/07 00:55:10 [S4 | term=120 | state=Leader | logLen=59 | commit=58 | lastApplied=58 | lastLogIndex=58] Send AppendEntries to S0
2025/10/07 00:55:10 [S4 | term=120 | state=Leader | logLen=59 | commit=58 | lastApplied=58 | lastLogIndex=58] Send AppendEntries to S1
2025/10/07 00:55:10 [S4 | term=120 | state=Leader | logLen=59 | commit=58 | lastApplied=58 | lastLogIndex=58] Send AppendEntries to S2
2025/10/07 00:55:10 [S4 | term=120 | state=Leader | logLen=59 | commit=58 | lastApplied=58 | lastLogIndex=58] Send AppendEntries to S1
2025/10/07 00:55:10 [S4 | term=120 | state=Leader | logLen=59 | commit=58 | lastApplied=58 | lastLogIndex=58] Send AppendEntries to S2
2025/10/07 00:55:10 [S4 | term=120 | state=Leader | logLen=59 | commit=58 | lastApplied=58 | lastLogIndex=58] Send AppendEntries to S1
2025/10/07 00:55:10 [S4 | term=120 | state=Leader | logLen=59 | commit=58 | lastApplied=58 | lastLogIndex=58] Send AppendEntries to S2
2025/10/07 00:55:10 [S4 | term=120 | state=Leader | logLen=59 | commit=58 | lastApplied=58 | lastLogIndex=58] Send AppendEntries to S1
2025/10/07 00:55:10 [S4 | term=120 | state=Leader | logLen=59 | commit=58 | lastApplied=58 | lastLogIndex=58] Send AppendEntries to S2
2025/10/07 00:55:10 [S3 | term=121 | state=Candidate | logLen=1 | commit=0 | lastApplied=0 | lastLogIndex=0] starts election (lastLogIndex=0, lastLogTerm=0)
2025/10/07 00:55:10 [S4 | term=121 | state=Follower | logLen=59 | commit=58 | lastApplied=58 | lastLogIndex=58] Send AppendEntries to S1
2025/10/07 00:55:10 [S4 | term=121 | state=Follower | logLen=59 | commit=58 | lastApplied=58 | lastLogIndex=58] Send AppendEntries to S2
2025/10/07 00:55:10 [S2 | term=122 | state=Candidate | logLen=59 | commit=58 | lastApplied=58 | lastLogIndex=58] starts election (lastLogIndex=58, lastLogTerm=112)
2025/10/07 00:55:10 [S2 | term=122 | state=Leader | logLen=59 | commit=58 | lastApplied=58 | lastLogIndex=58] becomes LEADER
2025/10/07 00:55:10 [S2 | term=122 | state=Leader | logLen=59 | commit=58 | lastApplied=58 | lastLogIndex=58] Send AppendEntries to S3
2025/10/07 00:55:10 [S2 | term=122 | state=Leader | logLen=59 | commit=58 | lastApplied=58 | lastLogIndex=58] Send AppendEntries to S0
2025/10/07 00:55:10 [S2 | term=122 | state=Leader | logLen=59 | commit=58 | lastApplied=58 | lastLogIndex=58] Send AppendEntries to S4
2025/10/07 00:55:10 [S2 | term=122 | state=Leader | logLen=59 | commit=58 | lastApplied=58 | lastLogIndex=58] Send AppendEntries to S1
2025/10/07 00:55:10 [S2 | term=122 | state=Leader | logLen=59 | commit=58 | lastApplied=58 | lastLogIndex=58] Send AppendEntries to S1
2025/10/07 00:55:10 [S2 | term=122 | state=Leader | logLen=59 | commit=58 | lastApplied=58 | lastLogIndex=58] Send AppendEntries to S4
2025/10/07 00:55:10 [S2 | term=122 | state=Leader | logLen=59 | commit=58 | lastApplied=58 | lastLogIndex=58] Send AppendEntries to S4
2025/10/07 00:55:10 [S2 | term=122 | state=Leader | logLen=59 | commit=58 | lastApplied=58 | lastLogIndex=58] Send AppendEntries to S1
2025/10/07 00:55:10 [S1 | term=122 | state=Follower | logLen=59 | commit=58 | lastApplied=58 | lastLogIndex=58] received AppendEntries from S2 (term=122, prevLogIndex=58, prevLogTerm=112, entries=1)
2025/10/07 00:55:10 [S4 | term=122 | state=Follower | logLen=59 | commit=58 | lastApplied=58 | lastLogIndex=58] received AppendEntries from S2 (term=122, prevLogIndex=58, prevLogTerm=112, entries=1)
2025/10/07 00:55:10 [S1 | term=122 | state=Follower | logLen=60 | commit=58 | lastApplied=58 | lastLogIndex=59] appends log entries: [{Index:59 Term:122 Command:5960979780645125570}]
2025/10/07 00:55:10 [S4 | term=122 | state=Follower | logLen=60 | commit=58 | lastApplied=58 | lastLogIndex=59] appends log entries: [{Index:59 Term:122 Command:5960979780645125570}]
2025/10/07 00:55:10 [S2 | term=122 | state=Leader | logLen=60 | commit=58 | lastApplied=58 | lastLogIndex=59] Send AppendEntries to S1
2025/10/07 00:55:10 [S2 | term=122 | state=Leader | logLen=60 | commit=58 | lastApplied=58 | lastLogIndex=59] Send AppendEntries to S4
2025/10/07 00:55:10 [S2 | term=122 | state=Leader | logLen=60 | commit=59 | lastApplied=58 | lastLogIndex=59] updates commitIndex=59 (before=58)
2025/10/07 00:55:10 [S2 | term=122 | state=Leader | logLen=60 | commit=59 | lastApplied=59 | lastLogIndex=59] applies log up to index=59
2025/10/07 00:55:10 [S4 | term=122 | state=Follower | logLen=60 | commit=59 | lastApplied=58 | lastLogIndex=59] updates commitIndex=59 (before=58)
2025/10/07 00:55:10 [S1 | term=122 | state=Follower | logLen=60 | commit=59 | lastApplied=58 | lastLogIndex=59] updates commitIndex=59 (before=58)
2025/10/07 00:55:10 [S4 | term=122 | state=Follower | logLen=60 | commit=59 | lastApplied=59 | lastLogIndex=59] applies log up to index=59
2025/10/07 00:55:10 [S2 | term=122 | state=Leader | logLen=60 | commit=59 | lastApplied=59 | lastLogIndex=59] Send AppendEntries to S1
2025/10/07 00:55:10 [S1 | term=122 | state=Follower | logLen=60 | commit=59 | lastApplied=59 | lastLogIndex=59] applies log up to index=59
2025/10/07 00:55:10 [S2 | term=122 | state=Leader | logLen=60 | commit=59 | lastApplied=59 | lastLogIndex=59] Send AppendEntries to S4
2025/10/07 00:55:11 [S2 | term=122 | state=Leader | logLen=60 | commit=59 | lastApplied=59 | lastLogIndex=59] Send AppendEntries to S4
2025/10/07 00:55:11 [S2 | term=122 | state=Leader | logLen=60 | commit=59 | lastApplied=59 | lastLogIndex=59] Send AppendEntries to S1
2025/10/07 00:55:11 [S0 | term=123 | state=Candidate | logLen=1 | commit=0 | lastApplied=0 | lastLogIndex=0] starts election (lastLogIndex=0, lastLogTerm=0)
2025/10/07 00:55:11 [S1 | term=124 | state=Candidate | logLen=60 | commit=59 | lastApplied=59 | lastLogIndex=59] starts election (lastLogIndex=59, lastLogTerm=122)
2025/10/07 00:55:11 [S1 | term=124 | state=Leader | logLen=60 | commit=59 | lastApplied=59 | lastLogIndex=59] becomes LEADER
2025/10/07 00:55:11 [S1 | term=124 | state=Leader | logLen=60 | commit=59 | lastApplied=59 | lastLogIndex=59] Send AppendEntries to S3
2025/10/07 00:55:11 [S1 | term=124 | state=Leader | logLen=60 | commit=59 | lastApplied=59 | lastLogIndex=59] Send AppendEntries to S2
2025/10/07 00:55:11 [S1 | term=124 | state=Leader | logLen=60 | commit=59 | lastApplied=59 | lastLogIndex=59] Send AppendEntries to S4
2025/10/07 00:55:11 [S1 | term=124 | state=Leader | logLen=60 | commit=59 | lastApplied=59 | lastLogIndex=59] Send AppendEntries to S0
2025/10/07 00:55:11 [S1 | term=124 | state=Leader | logLen=60 | commit=59 | lastApplied=59 | lastLogIndex=59] Send AppendEntries to S4
2025/10/07 00:55:11 [S1 | term=124 | state=Leader | logLen=60 | commit=59 | lastApplied=59 | lastLogIndex=59] Send AppendEntries to S2
2025/10/07 00:55:11 [S1 | term=124 | state=Leader | logLen=60 | commit=59 | lastApplied=59 | lastLogIndex=59] Send AppendEntries to S2
2025/10/07 00:55:11 [S1 | term=124 | state=Leader | logLen=60 | commit=59 | lastApplied=59 | lastLogIndex=59] Send AppendEntries to S4
2025/10/07 00:55:11 [S1 | term=124 | state=Leader | logLen=60 | commit=59 | lastApplied=59 | lastLogIndex=59] Send AppendEntries to S2
2025/10/07 00:55:11 [S1 | term=124 | state=Leader | logLen=60 | commit=59 | lastApplied=59 | lastLogIndex=59] Send AppendEntries to S4
2025/10/07 00:55:11 [S1 | term=124 | state=Leader | logLen=60 | commit=59 | lastApplied=59 | lastLogIndex=59] Send AppendEntries to S4
2025/10/07 00:55:11 [S1 | term=124 | state=Leader | logLen=60 | commit=59 | lastApplied=59 | lastLogIndex=59] Send AppendEntries to S2
2025/10/07 00:55:11 [S0 | term=125 | state=Candidate | logLen=1 | commit=0 | lastApplied=0 | lastLogIndex=0] starts election (lastLogIndex=0, lastLogTerm=0)
2025/10/07 00:55:11 [S4 | term=126 | state=Candidate | logLen=60 | commit=59 | lastApplied=59 | lastLogIndex=59] starts election (lastLogIndex=59, lastLogTerm=122)
2025/10/07 00:55:11 [S4 | term=126 | state=Leader | logLen=60 | commit=59 | lastApplied=59 | lastLogIndex=59] becomes LEADER
2025/10/07 00:55:11 [S4 | term=126 | state=Leader | logLen=60 | commit=59 | lastApplied=59 | lastLogIndex=59] Send AppendEntries to S1
2025/10/07 00:55:11 [S4 | term=126 | state=Leader | logLen=60 | commit=59 | lastApplied=59 | lastLogIndex=59] Send AppendEntries to S0
2025/10/07 00:55:11 [S4 | term=126 | state=Leader | logLen=60 | commit=59 | lastApplied=59 | lastLogIndex=59] Send AppendEntries to S2
2025/10/07 00:55:11 [S4 | term=126 | state=Leader | logLen=60 | commit=59 | lastApplied=59 | lastLogIndex=59] Send AppendEntries to S3
2025/10/07 00:55:11 [S4 | term=126 | state=Leader | logLen=60 | commit=59 | lastApplied=59 | lastLogIndex=59] Send AppendEntries to S1
2025/10/07 00:55:11 [S4 | term=126 | state=Leader | logLen=60 | commit=59 | lastApplied=59 | lastLogIndex=59] Send AppendEntries to S2
2025/10/07 00:55:11 [S4 | term=126 | state=Leader | logLen=60 | commit=59 | lastApplied=59 | lastLogIndex=59] Send AppendEntries to S2
2025/10/07 00:55:11 [S4 | term=126 | state=Leader | logLen=60 | commit=59 | lastApplied=59 | lastLogIndex=59] Send AppendEntries to S1
2025/10/07 00:55:11 [S4 | term=126 | state=Leader | logLen=60 | commit=59 | lastApplied=59 | lastLogIndex=59] Send AppendEntries to S1
2025/10/07 00:55:11 [S4 | term=126 | state=Leader | logLen=60 | commit=59 | lastApplied=59 | lastLogIndex=59] Send AppendEntries to S2
2025/10/07 00:55:11 [S4 | term=126 | state=Leader | logLen=60 | commit=59 | lastApplied=59 | lastLogIndex=59] Send AppendEntries to S1
2025/10/07 00:55:11 [S4 | term=126 | state=Leader | logLen=60 | commit=59 | lastApplied=59 | lastLogIndex=59] Send AppendEntries to S2
2025/10/07 00:55:11 [S4 | term=126 | state=Leader | logLen=60 | commit=59 | lastApplied=59 | lastLogIndex=59] Send AppendEntries to S2
2025/10/07 00:55:11 [S4 | term=126 | state=Leader | logLen=60 | commit=59 | lastApplied=59 | lastLogIndex=59] Send AppendEntries to S1
2025/10/07 00:55:11 [S0 | term=127 | state=Candidate | logLen=1 | commit=0 | lastApplied=0 | lastLogIndex=0] starts election (lastLogIndex=0, lastLogTerm=0)
2025/10/07 00:55:12 [S3 | term=128 | state=Candidate | logLen=1 | commit=0 | lastApplied=0 | lastLogIndex=0] starts election (lastLogIndex=0, lastLogTerm=0)
2025/10/07 00:55:12 [S4 | term=129 | state=Candidate | logLen=60 | commit=59 | lastApplied=59 | lastLogIndex=59] starts election (lastLogIndex=59, lastLogTerm=122)
2025/10/07 00:55:12 [S4 | term=129 | state=Leader | logLen=60 | commit=59 | lastApplied=59 | lastLogIndex=59] becomes LEADER
2025/10/07 00:55:12 [S4 | term=129 | state=Leader | logLen=60 | commit=59 | lastApplied=59 | lastLogIndex=59] Send AppendEntries to S0
2025/10/07 00:55:12 [S4 | term=129 | state=Leader | logLen=60 | commit=59 | lastApplied=59 | lastLogIndex=59] Send AppendEntries to S3
2025/10/07 00:55:12 [S4 | term=129 | state=Leader | logLen=60 | commit=59 | lastApplied=59 | lastLogIndex=59] Send AppendEntries to S1
2025/10/07 00:55:12 [S4 | term=129 | state=Leader | logLen=60 | commit=59 | lastApplied=59 | lastLogIndex=59] Send AppendEntries to S2
2025/10/07 00:55:12 [S4 | term=129 | state=Leader | logLen=60 | commit=59 | lastApplied=59 | lastLogIndex=59] Send AppendEntries to S2
2025/10/07 00:55:12 [S4 | term=129 | state=Leader | logLen=60 | commit=59 | lastApplied=59 | lastLogIndex=59] Send AppendEntries to S1
2025/10/07 00:55:12 [S4 | term=129 | state=Leader | logLen=60 | commit=59 | lastApplied=59 | lastLogIndex=59] Send AppendEntries to S2
2025/10/07 00:55:12 [S4 | term=129 | state=Leader | logLen=60 | commit=59 | lastApplied=59 | lastLogIndex=59] Send AppendEntries to S1
2025/10/07 00:55:12 [S4 | term=129 | state=Leader | logLen=60 | commit=59 | lastApplied=59 | lastLogIndex=59] Send AppendEntries to S2
2025/10/07 00:55:12 [S4 | term=129 | state=Leader | logLen=60 | commit=59 | lastApplied=59 | lastLogIndex=59] Send AppendEntries to S1
2025/10/07 00:55:12 [S3 | term=130 | state=Candidate | logLen=1 | commit=0 | lastApplied=0 | lastLogIndex=0] starts election (lastLogIndex=0, lastLogTerm=0)
2025/10/07 00:55:12 [S4 | term=131 | state=Candidate | logLen=60 | commit=59 | lastApplied=59 | lastLogIndex=59] starts election (lastLogIndex=59, lastLogTerm=122)
2025/10/07 00:55:12 [S4 | term=131 | state=Leader | logLen=60 | commit=59 | lastApplied=59 | lastLogIndex=59] becomes LEADER
2025/10/07 00:55:12 [S4 | term=131 | state=Leader | logLen=60 | commit=59 | lastApplied=59 | lastLogIndex=59] Send AppendEntries to S3
2025/10/07 00:55:12 [S4 | term=131 | state=Leader | logLen=60 | commit=59 | lastApplied=59 | lastLogIndex=59] Send AppendEntries to S0
2025/10/07 00:55:12 [S4 | term=131 | state=Leader | logLen=60 | commit=59 | lastApplied=59 | lastLogIndex=59] Send AppendEntries to S2
2025/10/07 00:55:12 [S4 | term=131 | state=Leader | logLen=60 | commit=59 | lastApplied=59 | lastLogIndex=59] Send AppendEntries to S1
2025/10/07 00:55:12 [S4 | term=131 | state=Leader | logLen=60 | commit=59 | lastApplied=59 | lastLogIndex=59] Send AppendEntries to S2
2025/10/07 00:55:12 [S4 | term=131 | state=Leader | logLen=60 | commit=59 | lastApplied=59 | lastLogIndex=59] Send AppendEntries to S1
2025/10/07 00:55:12 [S4 | term=131 | state=Leader | logLen=60 | commit=59 | lastApplied=59 | lastLogIndex=59] Send AppendEntries to S1
2025/10/07 00:55:12 [S4 | term=131 | state=Leader | logLen=60 | commit=59 | lastApplied=59 | lastLogIndex=59] Send AppendEntries to S2
2025/10/07 00:55:12 [S4 | term=131 | state=Leader | logLen=60 | commit=59 | lastApplied=59 | lastLogIndex=59] Send AppendEntries to S2
2025/10/07 00:55:12 [S4 | term=131 | state=Leader | logLen=60 | commit=59 | lastApplied=59 | lastLogIndex=59] Send AppendEntries to S1
2025/10/07 00:55:12 [S0 | term=132 | state=Candidate | logLen=1 | commit=0 | lastApplied=0 | lastLogIndex=0] starts election (lastLogIndex=0, lastLogTerm=0)
